  [1m[35m (1.1ms)[0m  [1m[34mSELECT sqlite_version(*)[0m
  [1m[36mStatement Load (1.2ms)[0m  [1m[34mSELECT "statements".* FROM "statements" /* loading for inspect */ LIMIT ?[0m  [["LIMIT", 11]]
  [1m[35m (2.9ms)[0m  [1m[35mCREATE DATABASE `statement_data` DEFAULT COLLATE `utf8_general_ci`[0m
  [1m[35m (0.4ms)[0m  [1m[35mCREATE DATABASE `statement_data` DEFAULT COLLATE `utf8_general_ci`[0m
  [1m[35m (9.2ms)[0m  [1m[35mCREATE TABLE `schema_migrations` (`version` varchar(255) NOT NULL PRIMARY KEY)[0m
  [1m[35m (8.7ms)[0m  [1m[35mCREATE TABLE `ar_internal_metadata` (`key` varchar(255) NOT NULL PRIMARY KEY, `value` varchar(255), `created_at` datetime(6) NOT NULL, `updated_at` datetime(6) NOT NULL)[0m
  [1m[35m (0.1ms)[0m  [1m[34mSELECT GET_LOCK('6608738817814367955', 0)[0m
  [1m[35m (0.3ms)[0m  [1m[34mSELECT `schema_migrations`.`version` FROM `schema_migrations` ORDER BY `schema_migrations`.`version` ASC[0m
Migrating to CreateStatements (20210817132537)
  [1m[35m (0.8ms)[0m  [1m[35mCREATE TABLE `statements` (`id` bigint NOT NULL AUTO_INCREMENT PRIMARY KEY, `amount` decimal, `currency` varchar(255), `datetime` varchar(255), `ref` varchar(255), `type` varchar(255), `channel_id` bigint NOT NULL, `created_at` datetime(6) NOT NULL, `updated_at` datetime(6) NOT NULL, INDEX `index_statements_on_channel_id` (`channel_id`), CONSTRAINT `fk_rails_fb0a74c44c`
FOREIGN KEY (`channel_id`)
  REFERENCES `channels` (`id`)
)[0m
  [1m[35m (0.1ms)[0m  [1m[34mSELECT RELEASE_LOCK('6608738817814367955')[0m
  [1m[35m (0.1ms)[0m  [1m[34mSELECT GET_LOCK('6608738817814367955', 0)[0m
  [1m[35m (0.2ms)[0m  [1m[34mSELECT `schema_migrations`.`version` FROM `schema_migrations` ORDER BY `schema_migrations`.`version` ASC[0m
Migrating to CreateStatements (20210817132537)
  [1m[35m (9.6ms)[0m  [1m[35mCREATE TABLE `statements` (`id` bigint NOT NULL AUTO_INCREMENT PRIMARY KEY, `amount` decimal, `currency` varchar(255), `datetime` varchar(255), `ref` varchar(255), `type` varchar(255), `created_at` datetime(6) NOT NULL, `updated_at` datetime(6) NOT NULL)[0m
  [1m[36mTRANSACTION (0.2ms)[0m  [1m[35mBEGIN[0m
  [1m[36mActiveRecord::SchemaMigration Create (0.2ms)[0m  [1m[32mINSERT INTO `schema_migrations` (`version`) VALUES ('20210817132537')[0m
  [1m[36mTRANSACTION (1.3ms)[0m  [1m[35mCOMMIT[0m
Migrating to CreateAddTypeToStatements (20210817133043)
  [1m[35m (0.2ms)[0m  [1m[34mSELECT RELEASE_LOCK('6608738817814367955')[0m
  [1m[35m (0.1ms)[0m  [1m[34mSELECT GET_LOCK('6608738817814367955', 0)[0m
  [1m[35m (0.2ms)[0m  [1m[34mSELECT `schema_migrations`.`version` FROM `schema_migrations` ORDER BY `schema_migrations`.`version` ASC[0m
Migrating to CreateAddTypeToStatements (20210817133043)
  [1m[35m (9.0ms)[0m  [1m[35mCREATE TABLE `add_type_to_statements` (`id` bigint NOT NULL AUTO_INCREMENT PRIMARY KEY, `type` varchar(255), `coin` int, `created_at` datetime(6) NOT NULL, `updated_at` datetime(6) NOT NULL)[0m
  [1m[36mTRANSACTION (0.1ms)[0m  [1m[35mBEGIN[0m
  [1m[36mActiveRecord::SchemaMigration Create (0.2ms)[0m  [1m[32mINSERT INTO `schema_migrations` (`version`) VALUES ('20210817133043')[0m
  [1m[36mTRANSACTION (1.4ms)[0m  [1m[35mCOMMIT[0m
  [1m[36mActiveRecord::InternalMetadata Load (0.5ms)[0m  [1m[34mSELECT `ar_internal_metadata`.* FROM `ar_internal_metadata` WHERE `ar_internal_metadata`.`key` = 'environment' LIMIT 1[0m
  [1m[36mTRANSACTION (0.1ms)[0m  [1m[35mBEGIN[0m
  [1m[36mActiveRecord::InternalMetadata Create (0.2ms)[0m  [1m[32mINSERT INTO `ar_internal_metadata` (`key`, `value`, `created_at`, `updated_at`) VALUES ('environment', 'development', '2021-08-17 13:45:11.655563', '2021-08-17 13:45:11.655563')[0m
  [1m[36mTRANSACTION (1.3ms)[0m  [1m[35mCOMMIT[0m
  [1m[35m (0.2ms)[0m  [1m[34mSELECT RELEASE_LOCK('6608738817814367955')[0m
  [1m[35m (0.3ms)[0m  [1m[34mSELECT `schema_migrations`.`version` FROM `schema_migrations` ORDER BY `schema_migrations`.`version` ASC[0m
Started GET "/statement" for 127.0.0.1 at 2021-08-17 19:26:59 +0530
  [1m[35m (0.5ms)[0m  [1m[34mSELECT `schema_migrations`.`version` FROM `schema_migrations` ORDER BY `schema_migrations`.`version` ASC[0m
  
ActionController::RoutingError (No route matches [GET] "/statement"):
  
Started GET "/statements" for 127.0.0.1 at 2021-08-17 19:27:04 +0530
  
ActionController::RoutingError (No route matches [GET] "/statements"):
  
  [1m[36mTRANSACTION (0.2ms)[0m  [1m[35mBEGIN[0m
  [1m[36mTopup Create (0.3ms)[0m  [1m[32mINSERT INTO `statements` (`amount`, `currency`, `ref`, `type`, `created_at`, `updated_at`) VALUES (25, 'usd', 'demo ref', 'Topup', '2021-08-17 14:00:58.729000', '2021-08-17 14:00:58.729000')[0m
  [1m[36mTRANSACTION (4.1ms)[0m  [1m[35mCOMMIT[0m
  [1m[35m (0.2ms)[0m  [1m[34mSELECT `schema_migrations`.`version` FROM `schema_migrations` ORDER BY `schema_migrations`.`version` ASC[0m
  [1m[35m (0.2ms)[0m  [1m[34mSELECT `ar_internal_metadata`.`value` FROM `ar_internal_metadata` WHERE `ar_internal_metadata`.`key` = 'environment'[0m
  [1m[35m (0.1ms)[0m  [1m[34mSELECT `schema_migrations`.`version` FROM `schema_migrations` ORDER BY `schema_migrations`.`version` ASC[0m
  [1m[35m (0.2ms)[0m  [1m[34mSELECT `ar_internal_metadata`.`value` FROM `ar_internal_metadata` WHERE `ar_internal_metadata`.`key` = 'environment'[0m
  [1m[35m (0.2ms)[0m  [1m[34mSELECT `schema_migrations`.`version` FROM `schema_migrations` ORDER BY `schema_migrations`.`version` ASC[0m
  [1m[35m (0.2ms)[0m  [1m[34mSELECT `ar_internal_metadata`.`value` FROM `ar_internal_metadata` WHERE `ar_internal_metadata`.`key` = 'environment'[0m
  [1m[35m (17.3ms)[0m  [1m[35mDROP DATABASE IF EXISTS `statement_data`[0m
  [1m[35m (2.4ms)[0m  [1m[35mCREATE DATABASE `statement_data` DEFAULT COLLATE `utf8_general_ci`[0m
  [1m[35m (0.3ms)[0m  [1m[35mCREATE DATABASE `statement_data` DEFAULT COLLATE `utf8_general_ci`[0m
  [1m[35m (1.1ms)[0m  [1m[35mDROP TABLE IF EXISTS `add_type_to_statements` CASCADE[0m
  [1m[35m (8.3ms)[0m  [1m[35mCREATE TABLE `add_type_to_statements` (`id` bigint NOT NULL AUTO_INCREMENT PRIMARY KEY, `type` varchar(255), `coin` int, `created_at` datetime(6) NOT NULL, `updated_at` datetime(6) NOT NULL) DEFAULT CHARSET=utf8mb3[0m
  [1m[35m (1.1ms)[0m  [1m[35mDROP TABLE IF EXISTS `statements` CASCADE[0m
  [1m[35m (8.7ms)[0m  [1m[35mCREATE TABLE `statements` (`id` bigint NOT NULL AUTO_INCREMENT PRIMARY KEY, `amount` decimal(10), `currency` varchar(255), `datetime` varchar(255), `ref` varchar(255), `type` varchar(255), `created_at` datetime(6) NOT NULL, `updated_at` datetime(6) NOT NULL) DEFAULT CHARSET=utf8mb3[0m
  [1m[35m (7.7ms)[0m  [1m[35mCREATE TABLE `schema_migrations` (`version` varchar(255) NOT NULL PRIMARY KEY)[0m
  [1m[35m (0.5ms)[0m  [1m[34mSELECT `schema_migrations`.`version` FROM `schema_migrations` ORDER BY `schema_migrations`.`version` ASC[0m
  [1m[35m (0.9ms)[0m  [1m[32mINSERT INTO `schema_migrations` (version) VALUES (20210817133043)[0m
  [1m[35m (1.2ms)[0m  [1m[32mINSERT INTO `schema_migrations` (version) VALUES
(20210817132537);

[0m
  [1m[35m (7.9ms)[0m  [1m[35mCREATE TABLE `ar_internal_metadata` (`key` varchar(255) NOT NULL PRIMARY KEY, `value` varchar(255), `created_at` datetime(6) NOT NULL, `updated_at` datetime(6) NOT NULL)[0m
  [1m[36mActiveRecord::InternalMetadata Load (0.5ms)[0m  [1m[34mSELECT `ar_internal_metadata`.* FROM `ar_internal_metadata` WHERE `ar_internal_metadata`.`key` = 'environment' LIMIT 1[0m
  [1m[36mTRANSACTION (0.1ms)[0m  [1m[35mBEGIN[0m
  [1m[36mActiveRecord::InternalMetadata Create (0.2ms)[0m  [1m[32mINSERT INTO `ar_internal_metadata` (`key`, `value`, `created_at`, `updated_at`) VALUES ('environment', 'development', '2021-08-17 14:04:23.613427', '2021-08-17 14:04:23.613427')[0m
  [1m[36mTRANSACTION (1.2ms)[0m  [1m[35mCOMMIT[0m
  [1m[36mActiveRecord::InternalMetadata Load (0.1ms)[0m  [1m[34mSELECT `ar_internal_metadata`.* FROM `ar_internal_metadata` WHERE `ar_internal_metadata`.`key` = 'environment' LIMIT 1[0m
  [1m[36mActiveRecord::InternalMetadata Load (0.1ms)[0m  [1m[34mSELECT `ar_internal_metadata`.* FROM `ar_internal_metadata` WHERE `ar_internal_metadata`.`key` = 'schema_sha1' LIMIT 1[0m
  [1m[36mTRANSACTION (0.1ms)[0m  [1m[35mBEGIN[0m
  [1m[36mActiveRecord::InternalMetadata Create (0.1ms)[0m  [1m[32mINSERT INTO `ar_internal_metadata` (`key`, `value`, `created_at`, `updated_at`) VALUES ('schema_sha1', '2589f63b4de73aefd3ed7f5095bf049ce5f88ea8', '2021-08-17 14:04:23.619104', '2021-08-17 14:04:23.619104')[0m
  [1m[36mTRANSACTION (0.9ms)[0m  [1m[35mCOMMIT[0m
  [1m[35m (4.2ms)[0m  [1m[35mDROP TABLE IF EXISTS `add_type_to_statements` CASCADE[0m
  [1m[35m (8.4ms)[0m  [1m[35mCREATE TABLE `add_type_to_statements` (`id` bigint NOT NULL AUTO_INCREMENT PRIMARY KEY, `type` varchar(255), `coin` int, `created_at` datetime(6) NOT NULL, `updated_at` datetime(6) NOT NULL) DEFAULT CHARSET=utf8mb3[0m
  [1m[35m (4.2ms)[0m  [1m[35mDROP TABLE IF EXISTS `statements` CASCADE[0m
  [1m[35m (8.4ms)[0m  [1m[35mCREATE TABLE `statements` (`id` bigint NOT NULL AUTO_INCREMENT PRIMARY KEY, `amount` decimal(10), `currency` varchar(255), `datetime` varchar(255), `ref` varchar(255), `type` varchar(255), `created_at` datetime(6) NOT NULL, `updated_at` datetime(6) NOT NULL) DEFAULT CHARSET=utf8mb3[0m
  [1m[35m (0.2ms)[0m  [1m[34mSELECT `schema_migrations`.`version` FROM `schema_migrations` ORDER BY `schema_migrations`.`version` ASC[0m
  [1m[36mActiveRecord::InternalMetadata Load (0.2ms)[0m  [1m[34mSELECT `ar_internal_metadata`.* FROM `ar_internal_metadata` WHERE `ar_internal_metadata`.`key` = 'environment' LIMIT 1[0m
  [1m[36mActiveRecord::InternalMetadata Load (0.2ms)[0m  [1m[34mSELECT `ar_internal_metadata`.* FROM `ar_internal_metadata` WHERE `ar_internal_metadata`.`key` = 'environment' LIMIT 1[0m
  [1m[36mTRANSACTION (0.1ms)[0m  [1m[35mBEGIN[0m
  [1m[36mActiveRecord::InternalMetadata Update (0.2ms)[0m  [1m[33mUPDATE `ar_internal_metadata` SET `ar_internal_metadata`.`value` = 'test', `ar_internal_metadata`.`updated_at` = '2021-08-17 14:04:23.656823' WHERE `ar_internal_metadata`.`key` = 'environment'[0m
  [1m[36mTRANSACTION (1.1ms)[0m  [1m[35mCOMMIT[0m
  [1m[36mActiveRecord::InternalMetadata Load (0.2ms)[0m  [1m[34mSELECT `ar_internal_metadata`.* FROM `ar_internal_metadata` WHERE `ar_internal_metadata`.`key` = 'schema_sha1' LIMIT 1[0m
  [1m[35m (0.2ms)[0m  [1m[34mSELECT `schema_migrations`.`version` FROM `schema_migrations` ORDER BY `schema_migrations`.`version` ASC[0m
  [1m[35m (0.1ms)[0m  [1m[34mSELECT GET_LOCK('6608738817814367955', 0)[0m
  [1m[35m (0.2ms)[0m  [1m[34mSELECT `schema_migrations`.`version` FROM `schema_migrations` ORDER BY `schema_migrations`.`version` ASC[0m
  [1m[36mActiveRecord::InternalMetadata Load (0.2ms)[0m  [1m[34mSELECT `ar_internal_metadata`.* FROM `ar_internal_metadata` WHERE `ar_internal_metadata`.`key` = 'environment' LIMIT 1[0m
  [1m[36mTRANSACTION (0.1ms)[0m  [1m[35mBEGIN[0m
  [1m[36mActiveRecord::InternalMetadata Update (0.2ms)[0m  [1m[33mUPDATE `ar_internal_metadata` SET `ar_internal_metadata`.`value` = 'development', `ar_internal_metadata`.`updated_at` = '2021-08-17 14:04:34.958479' WHERE `ar_internal_metadata`.`key` = 'environment'[0m
  [1m[36mTRANSACTION (3.4ms)[0m  [1m[35mCOMMIT[0m
  [1m[35m (0.2ms)[0m  [1m[34mSELECT RELEASE_LOCK('6608738817814367955')[0m
  [1m[35m (0.2ms)[0m  [1m[34mSELECT `schema_migrations`.`version` FROM `schema_migrations` ORDER BY `schema_migrations`.`version` ASC[0m
  [1m[36mTRANSACTION (0.6ms)[0m  [1m[35mBEGIN[0m
  [1m[36mTopup Create (1.2ms)[0m  [1m[32mINSERT INTO `statements` (`amount`, `currency`, `ref`, `type`, `created_at`, `updated_at`) VALUES (25, 'usd', 'demo ref', 'Topup', '2021-08-17 14:05:29.475496', '2021-08-17 14:05:29.475496')[0m
  [1m[36mTRANSACTION (4.2ms)[0m  [1m[35mCOMMIT[0m
  [1m[36mStatement Load (0.3ms)[0m  [1m[34mSELECT `statements`.* FROM `statements` /* loading for inspect */ LIMIT 11[0m
  [1m[36mTRANSACTION (0.2ms)[0m  [1m[35mBEGIN[0m
  [1m[36mTopup Create (0.3ms)[0m  [1m[32mINSERT INTO `statements` (`amount`, `currency`, `ref`, `type`, `created_at`, `updated_at`) VALUES (50, 'inr', 'demo ref1', 'Topup', '2021-08-17 14:09:36.493381', '2021-08-17 14:09:36.493381')[0m
  [1m[36mTRANSACTION (4.5ms)[0m  [1m[35mCOMMIT[0m
  [1m[36mStatement Load (0.9ms)[0m  [1m[34mSELECT `statements`.* FROM `statements` /* loading for inspect */ LIMIT 11[0m
  [1m[36mTRANSACTION (0.3ms)[0m  [1m[35mBEGIN[0m
  [1m[36mPayout Create (0.5ms)[0m  [1m[32mINSERT INTO `statements` (`amount`, `currency`, `ref`, `type`, `created_at`, `updated_at`) VALUES (50, 'inr', 'demo ref1', 'Payout', '2021-08-17 14:10:18.331850', '2021-08-17 14:10:18.331850')[0m
  [1m[36mTRANSACTION (3.4ms)[0m  [1m[35mCOMMIT[0m
  [1m[36mStatement Load (0.9ms)[0m  [1m[34mSELECT `statements`.* FROM `statements` /* loading for inspect */ LIMIT 11[0m
  [1m[35m (0.2ms)[0m  [1m[34mSELECT `schema_migrations`.`version` FROM `schema_migrations` ORDER BY `schema_migrations`.`version` ASC[0m
  [1m[35m (0.3ms)[0m  [1m[34mSELECT `ar_internal_metadata`.`value` FROM `ar_internal_metadata` WHERE `ar_internal_metadata`.`key` = 'environment'[0m
  [1m[35m (0.2ms)[0m  [1m[34mSELECT `schema_migrations`.`version` FROM `schema_migrations` ORDER BY `schema_migrations`.`version` ASC[0m
  [1m[35m (0.1ms)[0m  [1m[34mSELECT `ar_internal_metadata`.`value` FROM `ar_internal_metadata` WHERE `ar_internal_metadata`.`key` = 'environment'[0m
  [1m[35m (0.2ms)[0m  [1m[34mSELECT `schema_migrations`.`version` FROM `schema_migrations` ORDER BY `schema_migrations`.`version` ASC[0m
  [1m[35m (0.2ms)[0m  [1m[34mSELECT `ar_internal_metadata`.`value` FROM `ar_internal_metadata` WHERE `ar_internal_metadata`.`key` = 'environment'[0m
  [1m[35m (12.5ms)[0m  [1m[35mDROP DATABASE IF EXISTS `statement_data`[0m
  [1m[35m (2.2ms)[0m  [1m[35mCREATE DATABASE `statement_data` DEFAULT COLLATE `utf8_general_ci`[0m
  [1m[35m (0.3ms)[0m  [1m[35mCREATE DATABASE `statement_data` DEFAULT COLLATE `utf8_general_ci`[0m
  [1m[35m (1.1ms)[0m  [1m[35mDROP TABLE IF EXISTS `add_type_to_statements` CASCADE[0m
  [1m[35m (8.7ms)[0m  [1m[35mCREATE TABLE `add_type_to_statements` (`id` bigint NOT NULL AUTO_INCREMENT PRIMARY KEY, `type` varchar(255), `coin` int, `created_at` datetime(6) NOT NULL, `updated_at` datetime(6) NOT NULL) DEFAULT CHARSET=utf8mb3[0m
  [1m[35m (1.0ms)[0m  [1m[35mDROP TABLE IF EXISTS `statements` CASCADE[0m
  [1m[35m (8.7ms)[0m  [1m[35mCREATE TABLE `statements` (`id` bigint NOT NULL AUTO_INCREMENT PRIMARY KEY, `amount` decimal(10), `currency` varchar(255), `datetime` varchar(255), `ref` varchar(255), `type` varchar(255), `created_at` datetime(6) NOT NULL, `updated_at` datetime(6) NOT NULL) DEFAULT CHARSET=utf8mb3[0m
  [1m[35m (8.5ms)[0m  [1m[35mCREATE TABLE `schema_migrations` (`version` varchar(255) NOT NULL PRIMARY KEY)[0m
  [1m[35m (0.6ms)[0m  [1m[34mSELECT `schema_migrations`.`version` FROM `schema_migrations` ORDER BY `schema_migrations`.`version` ASC[0m
  [1m[35m (1.8ms)[0m  [1m[32mINSERT INTO `schema_migrations` (version) VALUES (20210817133043)[0m
  [1m[35m (1.5ms)[0m  [1m[32mINSERT INTO `schema_migrations` (version) VALUES
(20210817132537);

[0m
  [1m[35m (8.0ms)[0m  [1m[35mCREATE TABLE `ar_internal_metadata` (`key` varchar(255) NOT NULL PRIMARY KEY, `value` varchar(255), `created_at` datetime(6) NOT NULL, `updated_at` datetime(6) NOT NULL)[0m
  [1m[36mActiveRecord::InternalMetadata Load (0.6ms)[0m  [1m[34mSELECT `ar_internal_metadata`.* FROM `ar_internal_metadata` WHERE `ar_internal_metadata`.`key` = 'environment' LIMIT 1[0m
  [1m[36mTRANSACTION (0.2ms)[0m  [1m[35mBEGIN[0m
  [1m[36mActiveRecord::InternalMetadata Create (0.2ms)[0m  [1m[32mINSERT INTO `ar_internal_metadata` (`key`, `value`, `created_at`, `updated_at`) VALUES ('environment', 'development', '2021-08-17 14:19:26.563762', '2021-08-17 14:19:26.563762')[0m
  [1m[36mTRANSACTION (1.2ms)[0m  [1m[35mCOMMIT[0m
  [1m[36mActiveRecord::InternalMetadata Load (0.2ms)[0m  [1m[34mSELECT `ar_internal_metadata`.* FROM `ar_internal_metadata` WHERE `ar_internal_metadata`.`key` = 'environment' LIMIT 1[0m
  [1m[36mActiveRecord::InternalMetadata Load (0.2ms)[0m  [1m[34mSELECT `ar_internal_metadata`.* FROM `ar_internal_metadata` WHERE `ar_internal_metadata`.`key` = 'schema_sha1' LIMIT 1[0m
  [1m[36mTRANSACTION (0.1ms)[0m  [1m[35mBEGIN[0m
  [1m[36mActiveRecord::InternalMetadata Create (0.1ms)[0m  [1m[32mINSERT INTO `ar_internal_metadata` (`key`, `value`, `created_at`, `updated_at`) VALUES ('schema_sha1', '2589f63b4de73aefd3ed7f5095bf049ce5f88ea8', '2021-08-17 14:19:26.569789', '2021-08-17 14:19:26.569789')[0m
  [1m[36mTRANSACTION (0.9ms)[0m  [1m[35mCOMMIT[0m
  [1m[35m (3.4ms)[0m  [1m[35mDROP TABLE IF EXISTS `add_type_to_statements` CASCADE[0m
  [1m[35m (8.2ms)[0m  [1m[35mCREATE TABLE `add_type_to_statements` (`id` bigint NOT NULL AUTO_INCREMENT PRIMARY KEY, `type` varchar(255), `coin` int, `created_at` datetime(6) NOT NULL, `updated_at` datetime(6) NOT NULL) DEFAULT CHARSET=utf8mb3[0m
  [1m[35m (3.3ms)[0m  [1m[35mDROP TABLE IF EXISTS `statements` CASCADE[0m
  [1m[35m (8.2ms)[0m  [1m[35mCREATE TABLE `statements` (`id` bigint NOT NULL AUTO_INCREMENT PRIMARY KEY, `amount` decimal(10), `currency` varchar(255), `datetime` varchar(255), `ref` varchar(255), `type` varchar(255), `created_at` datetime(6) NOT NULL, `updated_at` datetime(6) NOT NULL) DEFAULT CHARSET=utf8mb3[0m
  [1m[35m (0.2ms)[0m  [1m[34mSELECT `schema_migrations`.`version` FROM `schema_migrations` ORDER BY `schema_migrations`.`version` ASC[0m
  [1m[36mActiveRecord::InternalMetadata Load (0.2ms)[0m  [1m[34mSELECT `ar_internal_metadata`.* FROM `ar_internal_metadata` WHERE `ar_internal_metadata`.`key` = 'environment' LIMIT 1[0m
  [1m[36mActiveRecord::InternalMetadata Load (0.2ms)[0m  [1m[34mSELECT `ar_internal_metadata`.* FROM `ar_internal_metadata` WHERE `ar_internal_metadata`.`key` = 'environment' LIMIT 1[0m
  [1m[36mTRANSACTION (0.1ms)[0m  [1m[35mBEGIN[0m
  [1m[36mActiveRecord::InternalMetadata Update (0.2ms)[0m  [1m[33mUPDATE `ar_internal_metadata` SET `ar_internal_metadata`.`value` = 'test', `ar_internal_metadata`.`updated_at` = '2021-08-17 14:19:26.605400' WHERE `ar_internal_metadata`.`key` = 'environment'[0m
  [1m[36mTRANSACTION (1.2ms)[0m  [1m[35mCOMMIT[0m
  [1m[36mActiveRecord::InternalMetadata Load (0.2ms)[0m  [1m[34mSELECT `ar_internal_metadata`.* FROM `ar_internal_metadata` WHERE `ar_internal_metadata`.`key` = 'schema_sha1' LIMIT 1[0m
  [1m[35m (0.1ms)[0m  [1m[34mSELECT `schema_migrations`.`version` FROM `schema_migrations` ORDER BY `schema_migrations`.`version` ASC[0m
  [1m[35m (0.1ms)[0m  [1m[34mSELECT GET_LOCK('6608738817814367955', 0)[0m
  [1m[35m (0.2ms)[0m  [1m[34mSELECT `schema_migrations`.`version` FROM `schema_migrations` ORDER BY `schema_migrations`.`version` ASC[0m
Migrating to AddCoinToStatement (20210817141849)
  [1m[35m (14.0ms)[0m  [1m[35mALTER TABLE `statements` ADD `coin` decimal[0m
  [1m[36mTRANSACTION (0.1ms)[0m  [1m[35mBEGIN[0m
  [1m[36mActiveRecord::SchemaMigration Create (0.2ms)[0m  [1m[32mINSERT INTO `schema_migrations` (`version`) VALUES ('20210817141849')[0m
  [1m[36mTRANSACTION (1.3ms)[0m  [1m[35mCOMMIT[0m
  [1m[36mActiveRecord::InternalMetadata Load (0.2ms)[0m  [1m[34mSELECT `ar_internal_metadata`.* FROM `ar_internal_metadata` WHERE `ar_internal_metadata`.`key` = 'environment' LIMIT 1[0m
  [1m[36mTRANSACTION (0.1ms)[0m  [1m[35mBEGIN[0m
  [1m[36mActiveRecord::InternalMetadata Update (0.2ms)[0m  [1m[33mUPDATE `ar_internal_metadata` SET `ar_internal_metadata`.`value` = 'development', `ar_internal_metadata`.`updated_at` = '2021-08-17 14:19:35.460989' WHERE `ar_internal_metadata`.`key` = 'environment'[0m
  [1m[36mTRANSACTION (1.3ms)[0m  [1m[35mCOMMIT[0m
  [1m[35m (0.2ms)[0m  [1m[34mSELECT RELEASE_LOCK('6608738817814367955')[0m
  [1m[35m (0.2ms)[0m  [1m[34mSELECT `schema_migrations`.`version` FROM `schema_migrations` ORDER BY `schema_migrations`.`version` ASC[0m
  [1m[35m (0.2ms)[0m  [1m[34mSELECT `schema_migrations`.`version` FROM `schema_migrations` ORDER BY `schema_migrations`.`version` ASC[0m
  [1m[35m (0.2ms)[0m  [1m[34mSELECT `ar_internal_metadata`.`value` FROM `ar_internal_metadata` WHERE `ar_internal_metadata`.`key` = 'environment'[0m
  [1m[35m (0.2ms)[0m  [1m[34mSELECT `schema_migrations`.`version` FROM `schema_migrations` ORDER BY `schema_migrations`.`version` ASC[0m
  [1m[35m (0.2ms)[0m  [1m[34mSELECT `ar_internal_metadata`.`value` FROM `ar_internal_metadata` WHERE `ar_internal_metadata`.`key` = 'environment'[0m
  [1m[35m (0.1ms)[0m  [1m[34mSELECT `schema_migrations`.`version` FROM `schema_migrations` ORDER BY `schema_migrations`.`version` ASC[0m
  [1m[35m (0.1ms)[0m  [1m[34mSELECT `ar_internal_metadata`.`value` FROM `ar_internal_metadata` WHERE `ar_internal_metadata`.`key` = 'environment'[0m
  [1m[35m (14.8ms)[0m  [1m[35mDROP DATABASE IF EXISTS `statement_data`[0m
  [1m[35m (4.2ms)[0m  [1m[35mCREATE DATABASE `statement_data` DEFAULT COLLATE `utf8_general_ci`[0m
  [1m[35m (0.3ms)[0m  [1m[35mCREATE DATABASE `statement_data` DEFAULT COLLATE `utf8_general_ci`[0m
  [1m[35m (11.0ms)[0m  [1m[35mCREATE TABLE `schema_migrations` (`version` varchar(255) NOT NULL PRIMARY KEY)[0m
  [1m[35m (8.2ms)[0m  [1m[35mCREATE TABLE `ar_internal_metadata` (`key` varchar(255) NOT NULL PRIMARY KEY, `value` varchar(255), `created_at` datetime(6) NOT NULL, `updated_at` datetime(6) NOT NULL)[0m
  [1m[35m (0.1ms)[0m  [1m[34mSELECT GET_LOCK('6608738817814367955', 0)[0m
  [1m[35m (0.3ms)[0m  [1m[34mSELECT `schema_migrations`.`version` FROM `schema_migrations` ORDER BY `schema_migrations`.`version` ASC[0m
Migrating to CreateStatements (20210817132537)
  [1m[35m (9.1ms)[0m  [1m[35mCREATE TABLE `statements` (`id` bigint NOT NULL AUTO_INCREMENT PRIMARY KEY, `amount` decimal, `currency` varchar(255), `datetime` varchar(255), `ref` varchar(255), `type` varchar(255))[0m
  [1m[36mTRANSACTION (0.1ms)[0m  [1m[35mBEGIN[0m
  [1m[36mActiveRecord::SchemaMigration Create (0.1ms)[0m  [1m[32mINSERT INTO `schema_migrations` (`version`) VALUES ('20210817132537')[0m
  [1m[36mTRANSACTION (1.2ms)[0m  [1m[35mCOMMIT[0m
Migrating to AddCoinToStatement (20210817141849)
  [1m[35m (6.1ms)[0m  [1m[35mALTER TABLE `statements` ADD `coin` decimal[0m
  [1m[36mTRANSACTION (0.1ms)[0m  [1m[35mBEGIN[0m
  [1m[36mActiveRecord::SchemaMigration Create (0.1ms)[0m  [1m[32mINSERT INTO `schema_migrations` (`version`) VALUES ('20210817141849')[0m
  [1m[36mTRANSACTION (0.9ms)[0m  [1m[35mCOMMIT[0m
  [1m[36mActiveRecord::InternalMetadata Load (0.3ms)[0m  [1m[34mSELECT `ar_internal_metadata`.* FROM `ar_internal_metadata` WHERE `ar_internal_metadata`.`key` = 'environment' LIMIT 1[0m
  [1m[36mTRANSACTION (0.2ms)[0m  [1m[35mBEGIN[0m
  [1m[36mActiveRecord::InternalMetadata Create (0.2ms)[0m  [1m[32mINSERT INTO `ar_internal_metadata` (`key`, `value`, `created_at`, `updated_at`) VALUES ('environment', 'development', '2021-08-17 14:20:49.918261', '2021-08-17 14:20:49.918261')[0m
  [1m[36mTRANSACTION (1.3ms)[0m  [1m[35mCOMMIT[0m
  [1m[35m (0.1ms)[0m  [1m[34mSELECT RELEASE_LOCK('6608738817814367955')[0m
  [1m[35m (0.2ms)[0m  [1m[34mSELECT `schema_migrations`.`version` FROM `schema_migrations` ORDER BY `schema_migrations`.`version` ASC[0m
  [1m[35m (0.1ms)[0m  [1m[34mSELECT GET_LOCK('6608738817814367955', 0)[0m
  [1m[35m (0.3ms)[0m  [1m[34mSELECT `schema_migrations`.`version` FROM `schema_migrations` ORDER BY `schema_migrations`.`version` ASC[0m
  [1m[36mActiveRecord::InternalMetadata Load (0.2ms)[0m  [1m[34mSELECT `ar_internal_metadata`.* FROM `ar_internal_metadata` WHERE `ar_internal_metadata`.`key` = 'environment' LIMIT 1[0m
  [1m[35m (0.1ms)[0m  [1m[34mSELECT RELEASE_LOCK('6608738817814367955')[0m
  [1m[35m (0.2ms)[0m  [1m[34mSELECT `schema_migrations`.`version` FROM `schema_migrations` ORDER BY `schema_migrations`.`version` ASC[0m
  [1m[35m (0.2ms)[0m  [1m[34mSELECT `schema_migrations`.`version` FROM `schema_migrations` ORDER BY `schema_migrations`.`version` ASC[0m
  [1m[35m (0.2ms)[0m  [1m[34mSELECT `ar_internal_metadata`.`value` FROM `ar_internal_metadata` WHERE `ar_internal_metadata`.`key` = 'environment'[0m
  [1m[35m (0.2ms)[0m  [1m[34mSELECT `schema_migrations`.`version` FROM `schema_migrations` ORDER BY `schema_migrations`.`version` ASC[0m
  [1m[35m (0.2ms)[0m  [1m[34mSELECT `ar_internal_metadata`.`value` FROM `ar_internal_metadata` WHERE `ar_internal_metadata`.`key` = 'environment'[0m
  [1m[35m (0.2ms)[0m  [1m[34mSELECT `schema_migrations`.`version` FROM `schema_migrations` ORDER BY `schema_migrations`.`version` ASC[0m
  [1m[35m (0.2ms)[0m  [1m[34mSELECT `ar_internal_metadata`.`value` FROM `ar_internal_metadata` WHERE `ar_internal_metadata`.`key` = 'environment'[0m
  [1m[35m (10.0ms)[0m  [1m[35mDROP DATABASE IF EXISTS `statement_data`[0m
  [1m[35m (3.8ms)[0m  [1m[35mCREATE DATABASE `statement_data` DEFAULT COLLATE `utf8_general_ci`[0m
  [1m[35m (0.6ms)[0m  [1m[35mCREATE DATABASE `statement_data` DEFAULT COLLATE `utf8_general_ci`[0m
  [1m[35m (11.4ms)[0m  [1m[35mCREATE TABLE `schema_migrations` (`version` varchar(255) NOT NULL PRIMARY KEY)[0m
  [1m[35m (8.2ms)[0m  [1m[35mCREATE TABLE `ar_internal_metadata` (`key` varchar(255) NOT NULL PRIMARY KEY, `value` varchar(255), `created_at` datetime(6) NOT NULL, `updated_at` datetime(6) NOT NULL)[0m
  [1m[35m (0.1ms)[0m  [1m[34mSELECT GET_LOCK('6608738817814367955', 0)[0m
  [1m[35m (0.3ms)[0m  [1m[34mSELECT `schema_migrations`.`version` FROM `schema_migrations` ORDER BY `schema_migrations`.`version` ASC[0m
Migrating to CreateStatements (20210817132537)
  [1m[35m (9.3ms)[0m  [1m[35mCREATE TABLE `statements` (`id` bigint NOT NULL AUTO_INCREMENT PRIMARY KEY, `amount` decimal, `currency` varchar(255), `datetime` varchar(255), `ref` varchar(255), `type` varchar(255))[0m
  [1m[36mTRANSACTION (0.1ms)[0m  [1m[35mBEGIN[0m
  [1m[36mActiveRecord::SchemaMigration Create (0.2ms)[0m  [1m[32mINSERT INTO `schema_migrations` (`version`) VALUES ('20210817132537')[0m
  [1m[36mTRANSACTION (1.3ms)[0m  [1m[35mCOMMIT[0m
Migrating to AddCoinToStatement (20210817141849)
  [1m[35m (5.8ms)[0m  [1m[35mALTER TABLE `statements` ADD `coin` decimal[0m
  [1m[36mTRANSACTION (0.1ms)[0m  [1m[35mBEGIN[0m
  [1m[36mActiveRecord::SchemaMigration Create (0.1ms)[0m  [1m[32mINSERT INTO `schema_migrations` (`version`) VALUES ('20210817141849')[0m
  [1m[36mTRANSACTION (0.8ms)[0m  [1m[35mCOMMIT[0m
  [1m[36mActiveRecord::InternalMetadata Load (0.5ms)[0m  [1m[34mSELECT `ar_internal_metadata`.* FROM `ar_internal_metadata` WHERE `ar_internal_metadata`.`key` = 'environment' LIMIT 1[0m
  [1m[36mTRANSACTION (0.2ms)[0m  [1m[35mBEGIN[0m
  [1m[36mActiveRecord::InternalMetadata Create (0.4ms)[0m  [1m[32mINSERT INTO `ar_internal_metadata` (`key`, `value`, `created_at`, `updated_at`) VALUES ('environment', 'development', '2021-08-17 14:24:06.569037', '2021-08-17 14:24:06.569037')[0m
  [1m[36mTRANSACTION (1.4ms)[0m  [1m[35mCOMMIT[0m
  [1m[35m (0.2ms)[0m  [1m[34mSELECT RELEASE_LOCK('6608738817814367955')[0m
  [1m[35m (0.2ms)[0m  [1m[34mSELECT `schema_migrations`.`version` FROM `schema_migrations` ORDER BY `schema_migrations`.`version` ASC[0m
  [1m[36mStatement Load (0.4ms)[0m  [1m[34mSELECT `statements`.* FROM `statements` /* loading for inspect */ LIMIT 11[0m
  [1m[35m (0.2ms)[0m  [1m[34mSELECT `schema_migrations`.`version` FROM `schema_migrations` ORDER BY `schema_migrations`.`version` ASC[0m
  [1m[35m (0.2ms)[0m  [1m[34mSELECT `ar_internal_metadata`.`value` FROM `ar_internal_metadata` WHERE `ar_internal_metadata`.`key` = 'environment'[0m
  [1m[35m (0.2ms)[0m  [1m[34mSELECT `schema_migrations`.`version` FROM `schema_migrations` ORDER BY `schema_migrations`.`version` ASC[0m
  [1m[35m (0.2ms)[0m  [1m[34mSELECT `ar_internal_metadata`.`value` FROM `ar_internal_metadata` WHERE `ar_internal_metadata`.`key` = 'environment'[0m
  [1m[35m (0.2ms)[0m  [1m[34mSELECT `schema_migrations`.`version` FROM `schema_migrations` ORDER BY `schema_migrations`.`version` ASC[0m
  [1m[35m (0.2ms)[0m  [1m[34mSELECT `ar_internal_metadata`.`value` FROM `ar_internal_metadata` WHERE `ar_internal_metadata`.`key` = 'environment'[0m
  [1m[35m (10.8ms)[0m  [1m[35mDROP DATABASE IF EXISTS `statement_data`[0m
  [1m[35m (5.9ms)[0m  [1m[35mCREATE DATABASE `statement_data` DEFAULT COLLATE `utf8_general_ci`[0m
  [1m[35m (0.6ms)[0m  [1m[35mCREATE DATABASE `statement_data` DEFAULT COLLATE `utf8_general_ci`[0m
  [1m[35m (12.0ms)[0m  [1m[35mCREATE TABLE `schema_migrations` (`version` varchar(255) NOT NULL PRIMARY KEY)[0m
  [1m[35m (8.5ms)[0m  [1m[35mCREATE TABLE `ar_internal_metadata` (`key` varchar(255) NOT NULL PRIMARY KEY, `value` varchar(255), `created_at` datetime(6) NOT NULL, `updated_at` datetime(6) NOT NULL)[0m
  [1m[35m (0.1ms)[0m  [1m[34mSELECT GET_LOCK('6608738817814367955', 0)[0m
  [1m[35m (0.3ms)[0m  [1m[34mSELECT `schema_migrations`.`version` FROM `schema_migrations` ORDER BY `schema_migrations`.`version` ASC[0m
Migrating to CreateStatements (20210817132537)
  [1m[35m (8.4ms)[0m  [1m[35mCREATE TABLE `statements` (`id` bigint NOT NULL AUTO_INCREMENT PRIMARY KEY, `amount` decimal, `currency` varchar(255), `datetime` varchar(255), `ref` varchar(255), `type` varchar(255))[0m
  [1m[36mTRANSACTION (0.1ms)[0m  [1m[35mBEGIN[0m
  [1m[36mActiveRecord::SchemaMigration Create (0.3ms)[0m  [1m[32mINSERT INTO `schema_migrations` (`version`) VALUES ('20210817132537')[0m
  [1m[36mTRANSACTION (1.2ms)[0m  [1m[35mCOMMIT[0m
Migrating to AddCoinToStatement (20210817141849)
  [1m[35m (5.7ms)[0m  [1m[35mALTER TABLE `statements` ADD `coin` decimal[0m
  [1m[36mTRANSACTION (0.1ms)[0m  [1m[35mBEGIN[0m
  [1m[36mActiveRecord::SchemaMigration Create (0.1ms)[0m  [1m[32mINSERT INTO `schema_migrations` (`version`) VALUES ('20210817141849')[0m
  [1m[36mTRANSACTION (0.9ms)[0m  [1m[35mCOMMIT[0m
  [1m[36mActiveRecord::InternalMetadata Load (0.3ms)[0m  [1m[34mSELECT `ar_internal_metadata`.* FROM `ar_internal_metadata` WHERE `ar_internal_metadata`.`key` = 'environment' LIMIT 1[0m
  [1m[36mTRANSACTION (0.1ms)[0m  [1m[35mBEGIN[0m
  [1m[36mActiveRecord::InternalMetadata Create (0.3ms)[0m  [1m[32mINSERT INTO `ar_internal_metadata` (`key`, `value`, `created_at`, `updated_at`) VALUES ('environment', 'development', '2021-08-17 14:39:09.697704', '2021-08-17 14:39:09.697704')[0m
  [1m[36mTRANSACTION (1.2ms)[0m  [1m[35mCOMMIT[0m
  [1m[35m (0.2ms)[0m  [1m[34mSELECT RELEASE_LOCK('6608738817814367955')[0m
  [1m[35m (0.2ms)[0m  [1m[34mSELECT `schema_migrations`.`version` FROM `schema_migrations` ORDER BY `schema_migrations`.`version` ASC[0m
  [1m[36mTRANSACTION (0.2ms)[0m  [1m[35mBEGIN[0m
  [1m[36mPayout Create (0.4ms)[0m  [1m[32mINSERT INTO `statements` (`amount`, `currency`, `ref`, `type`) VALUES (50, 'inr', 'demo ref1', 'Payout')[0m
  [1m[36mTRANSACTION (2.0ms)[0m  [1m[35mCOMMIT[0m
  [1m[36mStatement Load (0.9ms)[0m  [1m[34mSELECT `statements`.* FROM `statements` /* loading for inspect */ LIMIT 11[0m
  [1m[36mTRANSACTION (0.3ms)[0m  [1m[35mBEGIN[0m
  [1m[36mPayout Create (0.5ms)[0m  [1m[32mINSERT INTO `statements` (`amount`, `currency`, `ref`, `type`) VALUES (50, 'USD', 'demo ref', 'Payout')[0m
  [1m[36mTRANSACTION (4.3ms)[0m  [1m[35mCOMMIT[0m
  [1m[36mStatement Load (0.9ms)[0m  [1m[34mSELECT `statements`.* FROM `statements` /* loading for inspect */ LIMIT 11[0m
  [1m[36mTRANSACTION (0.2ms)[0m  [1m[35mBEGIN[0m
  [1m[36mTopup Create (0.3ms)[0m  [1m[32mINSERT INTO `statements` (`amount`, `currency`, `ref`, `type`) VALUES (50, 'USD', 'demo ref-topup', 'Topup')[0m
  [1m[36mTRANSACTION (3.6ms)[0m  [1m[35mCOMMIT[0m
  [1m[36mStatement Load (1.0ms)[0m  [1m[34mSELECT `statements`.* FROM `statements` /* loading for inspect */ LIMIT 11[0m
  [1m[36mTopup Load (1.1ms)[0m  [1m[34mSELECT `statements`.* FROM `statements` WHERE `statements`.`type` = 'Topup' /* loading for inspect */ LIMIT 11[0m
  [1m[36mPayout Load (1.0ms)[0m  [1m[34mSELECT `statements`.* FROM `statements` WHERE `statements`.`type` = 'Payout' /* loading for inspect */ LIMIT 11[0m
  [1m[35m (0.2ms)[0m  [1m[34mSELECT `schema_migrations`.`version` FROM `schema_migrations` ORDER BY `schema_migrations`.`version` ASC[0m
  [1m[35m (0.2ms)[0m  [1m[34mSELECT `ar_internal_metadata`.`value` FROM `ar_internal_metadata` WHERE `ar_internal_metadata`.`key` = 'environment'[0m
  [1m[35m (0.2ms)[0m  [1m[34mSELECT `schema_migrations`.`version` FROM `schema_migrations` ORDER BY `schema_migrations`.`version` ASC[0m
  [1m[35m (0.2ms)[0m  [1m[34mSELECT `ar_internal_metadata`.`value` FROM `ar_internal_metadata` WHERE `ar_internal_metadata`.`key` = 'environment'[0m
  [1m[35m (0.2ms)[0m  [1m[34mSELECT `schema_migrations`.`version` FROM `schema_migrations` ORDER BY `schema_migrations`.`version` ASC[0m
  [1m[35m (0.2ms)[0m  [1m[34mSELECT `ar_internal_metadata`.`value` FROM `ar_internal_metadata` WHERE `ar_internal_metadata`.`key` = 'environment'[0m
  [1m[35m (10.1ms)[0m  [1m[35mDROP DATABASE IF EXISTS `statement_data`[0m
  [1m[35m (4.1ms)[0m  [1m[35mCREATE DATABASE `statement_data` DEFAULT COLLATE `utf8_general_ci`[0m
  [1m[35m (0.3ms)[0m  [1m[35mCREATE DATABASE `statement_data` DEFAULT COLLATE `utf8_general_ci`[0m
  [1m[35m (11.0ms)[0m  [1m[35mCREATE TABLE `schema_migrations` (`version` varchar(255) NOT NULL PRIMARY KEY)[0m
  [1m[35m (8.4ms)[0m  [1m[35mCREATE TABLE `ar_internal_metadata` (`key` varchar(255) NOT NULL PRIMARY KEY, `value` varchar(255), `created_at` datetime(6) NOT NULL, `updated_at` datetime(6) NOT NULL)[0m
  [1m[35m (0.1ms)[0m  [1m[34mSELECT GET_LOCK('6608738817814367955', 0)[0m
  [1m[35m (0.3ms)[0m  [1m[34mSELECT `schema_migrations`.`version` FROM `schema_migrations` ORDER BY `schema_migrations`.`version` ASC[0m
Migrating to CreateStatements (20210817132537)
  [1m[35m (8.1ms)[0m  [1m[35mCREATE TABLE `statements` (`id` bigint NOT NULL AUTO_INCREMENT PRIMARY KEY, `amount` decimal, `currency` varchar(255), `datetime` varchar(255), `ref` varchar(255))[0m
  [1m[36mTRANSACTION (0.1ms)[0m  [1m[35mBEGIN[0m
  [1m[36mActiveRecord::SchemaMigration Create (0.1ms)[0m  [1m[32mINSERT INTO `schema_migrations` (`version`) VALUES ('20210817132537')[0m
  [1m[36mTRANSACTION (0.9ms)[0m  [1m[35mCOMMIT[0m
Migrating to AddCoinToStatement (20210817141849)
  [1m[35m (5.8ms)[0m  [1m[35mALTER TABLE `statements` ADD `coin` decimal[0m
  [1m[36mTRANSACTION (0.1ms)[0m  [1m[35mBEGIN[0m
  [1m[36mActiveRecord::SchemaMigration Create (0.2ms)[0m  [1m[32mINSERT INTO `schema_migrations` (`version`) VALUES ('20210817141849')[0m
  [1m[36mTRANSACTION (1.1ms)[0m  [1m[35mCOMMIT[0m
  [1m[36mActiveRecord::InternalMetadata Load (0.4ms)[0m  [1m[34mSELECT `ar_internal_metadata`.* FROM `ar_internal_metadata` WHERE `ar_internal_metadata`.`key` = 'environment' LIMIT 1[0m
  [1m[36mTRANSACTION (0.1ms)[0m  [1m[35mBEGIN[0m
  [1m[36mActiveRecord::InternalMetadata Create (0.2ms)[0m  [1m[32mINSERT INTO `ar_internal_metadata` (`key`, `value`, `created_at`, `updated_at`) VALUES ('environment', 'development', '2021-08-18 04:30:27.326336', '2021-08-18 04:30:27.326336')[0m
  [1m[36mTRANSACTION (1.4ms)[0m  [1m[35mCOMMIT[0m
  [1m[35m (0.2ms)[0m  [1m[34mSELECT RELEASE_LOCK('6608738817814367955')[0m
  [1m[35m (0.2ms)[0m  [1m[34mSELECT `schema_migrations`.`version` FROM `schema_migrations` ORDER BY `schema_migrations`.`version` ASC[0m
  [1m[36mStatement Load (0.3ms)[0m  [1m[34mSELECT `statements`.* FROM `statements` /* loading for inspect */ LIMIT 11[0m
  [1m[36mTRANSACTION (0.2ms)[0m  [1m[35mBEGIN[0m
  [1m[36mTopup Create (0.3ms)[0m  [1m[32mINSERT INTO `statements` (`amount`, `currency`, `ref`) VALUES (50, 'USD', 'demo ref-topup')[0m
  [1m[36mTRANSACTION (3.2ms)[0m  [1m[35mCOMMIT[0m
  [1m[36mTRANSACTION (0.2ms)[0m  [1m[35mBEGIN[0m
  [1m[36mPayout Create (0.3ms)[0m  [1m[32mINSERT INTO `statements` (`amount`, `currency`, `ref`) VALUES (50, 'USD', 'demo ref-payout')[0m
  [1m[36mTRANSACTION (2.5ms)[0m  [1m[35mCOMMIT[0m
  [1m[36mStatement Load (0.9ms)[0m  [1m[34mSELECT `statements`.* FROM `statements` /* loading for inspect */ LIMIT 11[0m
  [1m[36mPayout Load (0.9ms)[0m  [1m[34mSELECT `statements`.* FROM `statements` /* loading for inspect */ LIMIT 11[0m
  [1m[35m (0.2ms)[0m  [1m[34mSELECT `schema_migrations`.`version` FROM `schema_migrations` ORDER BY `schema_migrations`.`version` ASC[0m
  [1m[35m (0.2ms)[0m  [1m[34mSELECT `ar_internal_metadata`.`value` FROM `ar_internal_metadata` WHERE `ar_internal_metadata`.`key` = 'environment'[0m
  [1m[35m (0.2ms)[0m  [1m[34mSELECT `schema_migrations`.`version` FROM `schema_migrations` ORDER BY `schema_migrations`.`version` ASC[0m
  [1m[35m (0.2ms)[0m  [1m[34mSELECT `ar_internal_metadata`.`value` FROM `ar_internal_metadata` WHERE `ar_internal_metadata`.`key` = 'environment'[0m
  [1m[35m (0.2ms)[0m  [1m[34mSELECT `schema_migrations`.`version` FROM `schema_migrations` ORDER BY `schema_migrations`.`version` ASC[0m
  [1m[35m (0.2ms)[0m  [1m[34mSELECT `ar_internal_metadata`.`value` FROM `ar_internal_metadata` WHERE `ar_internal_metadata`.`key` = 'environment'[0m
  [1m[35m (13.9ms)[0m  [1m[35mDROP DATABASE IF EXISTS `statement_data`[0m
  [1m[35m (2.2ms)[0m  [1m[35mCREATE DATABASE `statement_data` DEFAULT COLLATE `utf8_general_ci`[0m
  [1m[35m (0.3ms)[0m  [1m[35mCREATE DATABASE `statement_data` DEFAULT COLLATE `utf8_general_ci`[0m
  [1m[35m (8.3ms)[0m  [1m[35mCREATE TABLE `schema_migrations` (`version` varchar(255) NOT NULL PRIMARY KEY)[0m
  [1m[35m (9.1ms)[0m  [1m[35mCREATE TABLE `ar_internal_metadata` (`key` varchar(255) NOT NULL PRIMARY KEY, `value` varchar(255), `created_at` datetime(6) NOT NULL, `updated_at` datetime(6) NOT NULL)[0m
  [1m[35m (0.1ms)[0m  [1m[34mSELECT GET_LOCK('6608738817814367955', 0)[0m
  [1m[35m (0.6ms)[0m  [1m[34mSELECT `schema_migrations`.`version` FROM `schema_migrations` ORDER BY `schema_migrations`.`version` ASC[0m
Migrating to CreateStatements (20210817132537)
  [1m[35m (8.7ms)[0m  [1m[35mCREATE TABLE `statements` (`id` bigint NOT NULL AUTO_INCREMENT PRIMARY KEY, `amount` decimal, `currency` varchar(255), `datetime` varchar(255), `ref` varchar(255), `type` varchar(255), `medium` varchar(255))[0m
  [1m[36mTRANSACTION (0.1ms)[0m  [1m[35mBEGIN[0m
  [1m[36mActiveRecord::SchemaMigration Create (0.2ms)[0m  [1m[32mINSERT INTO `schema_migrations` (`version`) VALUES ('20210817132537')[0m
  [1m[36mTRANSACTION (1.2ms)[0m  [1m[35mCOMMIT[0m
Migrating to AddCoinToStatement (20210817141849)
  [1m[35m (6.7ms)[0m  [1m[35mALTER TABLE `statements` ADD `coin` decimal[0m
  [1m[36mTRANSACTION (0.2ms)[0m  [1m[35mBEGIN[0m
  [1m[36mActiveRecord::SchemaMigration Create (0.2ms)[0m  [1m[32mINSERT INTO `schema_migrations` (`version`) VALUES ('20210817141849')[0m
  [1m[36mTRANSACTION (1.0ms)[0m  [1m[35mCOMMIT[0m
  [1m[36mActiveRecord::InternalMetadata Load (0.6ms)[0m  [1m[34mSELECT `ar_internal_metadata`.* FROM `ar_internal_metadata` WHERE `ar_internal_metadata`.`key` = 'environment' LIMIT 1[0m
  [1m[36mTRANSACTION (0.1ms)[0m  [1m[35mBEGIN[0m
  [1m[36mActiveRecord::InternalMetadata Create (0.2ms)[0m  [1m[32mINSERT INTO `ar_internal_metadata` (`key`, `value`, `created_at`, `updated_at`) VALUES ('environment', 'development', '2021-08-18 04:35:25.846229', '2021-08-18 04:35:25.846229')[0m
  [1m[36mTRANSACTION (1.2ms)[0m  [1m[35mCOMMIT[0m
  [1m[35m (0.2ms)[0m  [1m[34mSELECT RELEASE_LOCK('6608738817814367955')[0m
  [1m[35m (0.2ms)[0m  [1m[34mSELECT `schema_migrations`.`version` FROM `schema_migrations` ORDER BY `schema_migrations`.`version` ASC[0m
  [1m[36mTRANSACTION (0.2ms)[0m  [1m[35mBEGIN[0m
  [1m[36mPayout Create (0.4ms)[0m  [1m[32mINSERT INTO `statements` (`amount`, `currency`, `ref`, `type`) VALUES (50, 'USD', 'demo ref-payout', 'Payout')[0m
  [1m[36mTRANSACTION (4.9ms)[0m  [1m[35mCOMMIT[0m
  [1m[36mTRANSACTION (0.6ms)[0m  [1m[35mBEGIN[0m
  [1m[36mPayout Create (0.9ms)[0m  [1m[32mINSERT INTO `statements` (`amount`, `currency`, `ref`, `type`, `medium`) VALUES (50, 'USD', 'demo ref-payout', 'Payout', 'bank_transfer')[0m
  [1m[36mTRANSACTION (3.9ms)[0m  [1m[35mCOMMIT[0m
  [1m[36mTRANSACTION (0.2ms)[0m  [1m[35mBEGIN[0m
  [1m[36mPayout Create (0.2ms)[0m  [1m[32mINSERT INTO `statements` (`amount`, `currency`, `ref`, `type`, `medium`) VALUES (50, 'USD', 'demo ref-payout', 'Payout', 'paypal')[0m
  [1m[36mTRANSACTION (3.9ms)[0m  [1m[35mCOMMIT[0m
  [1m[36mTRANSACTION (0.2ms)[0m  [1m[35mBEGIN[0m
  [1m[36mPayout Create (0.3ms)[0m  [1m[32mINSERT INTO `statements` (`amount`, `currency`, `ref`, `type`, `medium`) VALUES (50, 'USD', 'demo ref-payout', 'Payout', 'transferwise')[0m
  [1m[36mTRANSACTION (4.6ms)[0m  [1m[35mCOMMIT[0m
Started GET "/" for ::1 at 2021-08-18 10:13:06 +0530
  [1m[35m (0.5ms)[0m  [1m[34mSELECT `schema_migrations`.`version` FROM `schema_migrations` ORDER BY `schema_migrations`.`version` ASC[0m
Processing by Rails::WelcomeController#index as HTML
  Rendering /home/php281/.rvm/gems/ruby-2.7.2/gems/railties-6.1.4/lib/rails/templates/rails/welcome/index.html.erb
  Rendered /home/php281/.rvm/gems/ruby-2.7.2/gems/railties-6.1.4/lib/rails/templates/rails/welcome/index.html.erb (Duration: 5.4ms | Allocations: 332)
Completed 200 OK in 19ms (Views: 6.3ms | ActiveRecord: 0.0ms | Allocations: 2849)


Started GET "/statement" for ::1 at 2021-08-18 10:13:13 +0530
  
ActionController::RoutingError (No route matches [GET] "/statement"):
  
Started GET "/statements" for ::1 at 2021-08-18 10:13:29 +0530
  
AbstractController::ActionNotFound (The action 'index' could not be found for StatementController):
  
actionpack (6.1.4) lib/abstract_controller/base.rb:160:in `process'
actionview (6.1.4) lib/action_view/rendering.rb:39:in `process'
actionpack (6.1.4) lib/action_controller/metal.rb:190:in `dispatch'
actionpack (6.1.4) lib/action_controller/metal.rb:254:in `dispatch'
actionpack (6.1.4) lib/action_dispatch/routing/route_set.rb:50:in `dispatch'
actionpack (6.1.4) lib/action_dispatch/routing/route_set.rb:33:in `serve'
actionpack (6.1.4) lib/action_dispatch/journey/router.rb:50:in `block in serve'
actionpack (6.1.4) lib/action_dispatch/journey/router.rb:32:in `each'
actionpack (6.1.4) lib/action_dispatch/journey/router.rb:32:in `serve'
actionpack (6.1.4) lib/action_dispatch/routing/route_set.rb:842:in `call'
rack (2.2.3) lib/rack/tempfile_reaper.rb:15:in `call'
rack (2.2.3) lib/rack/etag.rb:27:in `call'
rack (2.2.3) lib/rack/conditional_get.rb:27:in `call'
rack (2.2.3) lib/rack/head.rb:12:in `call'
actionpack (6.1.4) lib/action_dispatch/http/permissions_policy.rb:22:in `call'
actionpack (6.1.4) lib/action_dispatch/http/content_security_policy.rb:18:in `call'
rack (2.2.3) lib/rack/session/abstract/id.rb:266:in `context'
rack (2.2.3) lib/rack/session/abstract/id.rb:260:in `call'
actionpack (6.1.4) lib/action_dispatch/middleware/cookies.rb:689:in `call'
activerecord (6.1.4) lib/active_record/migration.rb:601:in `call'
actionpack (6.1.4) lib/action_dispatch/middleware/callbacks.rb:27:in `block in call'
activesupport (6.1.4) lib/active_support/callbacks.rb:98:in `run_callbacks'
actionpack (6.1.4) lib/action_dispatch/middleware/callbacks.rb:26:in `call'
actionpack (6.1.4) lib/action_dispatch/middleware/executor.rb:14:in `call'
actionpack (6.1.4) lib/action_dispatch/middleware/actionable_exceptions.rb:18:in `call'
actionpack (6.1.4) lib/action_dispatch/middleware/debug_exceptions.rb:29:in `call'
web-console (4.1.0) lib/web_console/middleware.rb:132:in `call_app'
web-console (4.1.0) lib/web_console/middleware.rb:28:in `block in call'
web-console (4.1.0) lib/web_console/middleware.rb:17:in `catch'
web-console (4.1.0) lib/web_console/middleware.rb:17:in `call'
actionpack (6.1.4) lib/action_dispatch/middleware/show_exceptions.rb:33:in `call'
railties (6.1.4) lib/rails/rack/logger.rb:37:in `call_app'
railties (6.1.4) lib/rails/rack/logger.rb:26:in `block in call'
activesupport (6.1.4) lib/active_support/tagged_logging.rb:99:in `block in tagged'
activesupport (6.1.4) lib/active_support/tagged_logging.rb:37:in `tagged'
activesupport (6.1.4) lib/active_support/tagged_logging.rb:99:in `tagged'
railties (6.1.4) lib/rails/rack/logger.rb:26:in `call'
sprockets-rails (3.2.2) lib/sprockets/rails/quiet_assets.rb:13:in `call'
actionpack (6.1.4) lib/action_dispatch/middleware/remote_ip.rb:81:in `call'
actionpack (6.1.4) lib/action_dispatch/middleware/request_id.rb:26:in `call'
rack (2.2.3) lib/rack/method_override.rb:24:in `call'
rack (2.2.3) lib/rack/runtime.rb:22:in `call'
activesupport (6.1.4) lib/active_support/cache/strategy/local_cache_middleware.rb:29:in `call'
actionpack (6.1.4) lib/action_dispatch/middleware/executor.rb:14:in `call'
actionpack (6.1.4) lib/action_dispatch/middleware/static.rb:24:in `call'
rack (2.2.3) lib/rack/sendfile.rb:110:in `call'
actionpack (6.1.4) lib/action_dispatch/middleware/host_authorization.rb:98:in `call'
rack-mini-profiler (2.3.2) lib/mini_profiler/profiler.rb:384:in `call'
webpacker (5.4.0) lib/webpacker/dev_server_proxy.rb:25:in `perform_request'
rack-proxy (0.7.0) lib/rack/proxy.rb:63:in `call'
railties (6.1.4) lib/rails/engine.rb:539:in `call'
puma (5.4.0) lib/puma/configuration.rb:249:in `call'
puma (5.4.0) lib/puma/request.rb:77:in `block in handle_request'
puma (5.4.0) lib/puma/thread_pool.rb:340:in `with_force_shutdown'
puma (5.4.0) lib/puma/request.rb:76:in `handle_request'
puma (5.4.0) lib/puma/server.rb:440:in `process_client'
puma (5.4.0) lib/puma/thread_pool.rb:147:in `block in spawn_thread'
Started GET "/statements" for ::1 at 2021-08-18 10:13:55 +0530
Processing by StatementController#index as HTML
Completed 406 Not Acceptable in 3ms (ActiveRecord: 0.0ms | Allocations: 2380)


  
ActionController::MissingExactTemplate (StatementController#index is missing a template for request formats: text/html):
  
actionpack (6.1.4) lib/action_controller/metal/implicit_render.rb:45:in `default_render'
actionpack (6.1.4) lib/action_controller/metal/basic_implicit_render.rb:6:in `block in send_action'
actionpack (6.1.4) lib/action_controller/metal/basic_implicit_render.rb:6:in `tap'
actionpack (6.1.4) lib/action_controller/metal/basic_implicit_render.rb:6:in `send_action'
actionpack (6.1.4) lib/abstract_controller/base.rb:228:in `process_action'
actionpack (6.1.4) lib/action_controller/metal/rendering.rb:30:in `process_action'
actionpack (6.1.4) lib/abstract_controller/callbacks.rb:42:in `block in process_action'
activesupport (6.1.4) lib/active_support/callbacks.rb:117:in `block in run_callbacks'
actiontext (6.1.4) lib/action_text/rendering.rb:20:in `with_renderer'
actiontext (6.1.4) lib/action_text/engine.rb:59:in `block (4 levels) in <class:Engine>'
activesupport (6.1.4) lib/active_support/callbacks.rb:126:in `instance_exec'
activesupport (6.1.4) lib/active_support/callbacks.rb:126:in `block in run_callbacks'
activesupport (6.1.4) lib/active_support/callbacks.rb:137:in `run_callbacks'
actionpack (6.1.4) lib/abstract_controller/callbacks.rb:41:in `process_action'
actionpack (6.1.4) lib/action_controller/metal/rescue.rb:22:in `process_action'
actionpack (6.1.4) lib/action_controller/metal/instrumentation.rb:34:in `block in process_action'
activesupport (6.1.4) lib/active_support/notifications.rb:203:in `block in instrument'
activesupport (6.1.4) lib/active_support/notifications/instrumenter.rb:24:in `instrument'
activesupport (6.1.4) lib/active_support/notifications.rb:203:in `instrument'
actionpack (6.1.4) lib/action_controller/metal/instrumentation.rb:33:in `process_action'
actionpack (6.1.4) lib/action_controller/metal/params_wrapper.rb:249:in `process_action'
activerecord (6.1.4) lib/active_record/railties/controller_runtime.rb:27:in `process_action'
actionpack (6.1.4) lib/abstract_controller/base.rb:165:in `process'
actionview (6.1.4) lib/action_view/rendering.rb:39:in `process'
actionpack (6.1.4) lib/action_controller/metal.rb:190:in `dispatch'
actionpack (6.1.4) lib/action_controller/metal.rb:254:in `dispatch'
actionpack (6.1.4) lib/action_dispatch/routing/route_set.rb:50:in `dispatch'
actionpack (6.1.4) lib/action_dispatch/routing/route_set.rb:33:in `serve'
actionpack (6.1.4) lib/action_dispatch/journey/router.rb:50:in `block in serve'
actionpack (6.1.4) lib/action_dispatch/journey/router.rb:32:in `each'
actionpack (6.1.4) lib/action_dispatch/journey/router.rb:32:in `serve'
actionpack (6.1.4) lib/action_dispatch/routing/route_set.rb:842:in `call'
rack (2.2.3) lib/rack/tempfile_reaper.rb:15:in `call'
rack (2.2.3) lib/rack/etag.rb:27:in `call'
rack (2.2.3) lib/rack/conditional_get.rb:27:in `call'
rack (2.2.3) lib/rack/head.rb:12:in `call'
actionpack (6.1.4) lib/action_dispatch/http/permissions_policy.rb:22:in `call'
actionpack (6.1.4) lib/action_dispatch/http/content_security_policy.rb:18:in `call'
rack (2.2.3) lib/rack/session/abstract/id.rb:266:in `context'
rack (2.2.3) lib/rack/session/abstract/id.rb:260:in `call'
actionpack (6.1.4) lib/action_dispatch/middleware/cookies.rb:689:in `call'
activerecord (6.1.4) lib/active_record/migration.rb:601:in `call'
actionpack (6.1.4) lib/action_dispatch/middleware/callbacks.rb:27:in `block in call'
activesupport (6.1.4) lib/active_support/callbacks.rb:98:in `run_callbacks'
actionpack (6.1.4) lib/action_dispatch/middleware/callbacks.rb:26:in `call'
actionpack (6.1.4) lib/action_dispatch/middleware/executor.rb:14:in `call'
actionpack (6.1.4) lib/action_dispatch/middleware/actionable_exceptions.rb:18:in `call'
actionpack (6.1.4) lib/action_dispatch/middleware/debug_exceptions.rb:29:in `call'
web-console (4.1.0) lib/web_console/middleware.rb:132:in `call_app'
web-console (4.1.0) lib/web_console/middleware.rb:28:in `block in call'
web-console (4.1.0) lib/web_console/middleware.rb:17:in `catch'
web-console (4.1.0) lib/web_console/middleware.rb:17:in `call'
actionpack (6.1.4) lib/action_dispatch/middleware/show_exceptions.rb:33:in `call'
railties (6.1.4) lib/rails/rack/logger.rb:37:in `call_app'
railties (6.1.4) lib/rails/rack/logger.rb:26:in `block in call'
activesupport (6.1.4) lib/active_support/tagged_logging.rb:99:in `block in tagged'
activesupport (6.1.4) lib/active_support/tagged_logging.rb:37:in `tagged'
activesupport (6.1.4) lib/active_support/tagged_logging.rb:99:in `tagged'
railties (6.1.4) lib/rails/rack/logger.rb:26:in `call'
sprockets-rails (3.2.2) lib/sprockets/rails/quiet_assets.rb:13:in `call'
actionpack (6.1.4) lib/action_dispatch/middleware/remote_ip.rb:81:in `call'
actionpack (6.1.4) lib/action_dispatch/middleware/request_id.rb:26:in `call'
rack (2.2.3) lib/rack/method_override.rb:24:in `call'
rack (2.2.3) lib/rack/runtime.rb:22:in `call'
activesupport (6.1.4) lib/active_support/cache/strategy/local_cache_middleware.rb:29:in `call'
actionpack (6.1.4) lib/action_dispatch/middleware/executor.rb:14:in `call'
actionpack (6.1.4) lib/action_dispatch/middleware/static.rb:24:in `call'
rack (2.2.3) lib/rack/sendfile.rb:110:in `call'
actionpack (6.1.4) lib/action_dispatch/middleware/host_authorization.rb:98:in `call'
rack-mini-profiler (2.3.2) lib/mini_profiler/profiler.rb:384:in `call'
webpacker (5.4.0) lib/webpacker/dev_server_proxy.rb:25:in `perform_request'
rack-proxy (0.7.0) lib/rack/proxy.rb:63:in `call'
railties (6.1.4) lib/rails/engine.rb:539:in `call'
puma (5.4.0) lib/puma/configuration.rb:249:in `call'
puma (5.4.0) lib/puma/request.rb:77:in `block in handle_request'
puma (5.4.0) lib/puma/thread_pool.rb:340:in `with_force_shutdown'
puma (5.4.0) lib/puma/request.rb:76:in `handle_request'
puma (5.4.0) lib/puma/server.rb:440:in `process_client'
puma (5.4.0) lib/puma/thread_pool.rb:147:in `block in spawn_thread'
Started GET "/statements" for ::1 at 2021-08-18 10:14:17 +0530
Processing by StatementController#index as HTML
Completed 500 Internal Server Error in 4ms (ActiveRecord: 0.0ms | Allocations: 3281)


  
NoMethodError (undefined method `json' for #<StatementController:0x0000000000a758>
Did you mean?  JSON):
  
app/controllers/statement_controller.rb:3:in `index'
Started GET "/statements" for ::1 at 2021-08-18 10:14:50 +0530
Processing by StatementController#index as HTML
  [1m[36mStatement Load (0.9ms)[0m  [1m[34mSELECT `statements`.* FROM `statements`[0m
  ↳ app/controllers/statement_controller.rb:3:in `index'
Completed 200 OK in 15ms (Views: 8.8ms | ActiveRecord: 4.6ms | Allocations: 9422)


Started GET "/statements" for 127.0.0.1 at 2021-08-18 10:15:01 +0530
Processing by StatementController#index as HTML
  [1m[36mStatement Load (2.7ms)[0m  [1m[34mSELECT `statements`.* FROM `statements`[0m
  ↳ app/controllers/statement_controller.rb:3:in `index'
Completed 200 OK in 8ms (Views: 4.3ms | ActiveRecord: 2.7ms | Allocations: 1226)


  [1m[36mStatement Load (0.3ms)[0m  [1m[34mSELECT `statements`.* FROM `statements` /* loading for inspect */ LIMIT 11[0m
Started GET "/statements" for 127.0.0.1 at 2021-08-18 10:17:08 +0530
Processing by StatementController#index as HTML
  [1m[36mStatement Load (2.5ms)[0m  [1m[34mSELECT `statements`.* FROM `statements`[0m
  ↳ app/controllers/statement_controller.rb:3:in `index'
Completed 200 OK in 9ms (Views: 5.1ms | ActiveRecord: 2.5ms | Allocations: 1235)


  [1m[36mTRANSACTION (0.2ms)[0m  [1m[35mBEGIN[0m
  [1m[36mTopup Create (0.3ms)[0m  [1m[32mINSERT INTO `statements` (`amount`, `currency`, `ref`, `type`, `medium`, `coin`) VALUES (50, 'USD', 'demo ref-payout', 'Topup', 'transferwise', 20)[0m
  [1m[36mTRANSACTION (2.1ms)[0m  [1m[35mCOMMIT[0m
Started GET "/statements" for 127.0.0.1 at 2021-08-18 10:18:21 +0530
Processing by StatementController#index as HTML
  [1m[36mStatement Load (0.6ms)[0m  [1m[34mSELECT `statements`.* FROM `statements`[0m
  ↳ app/controllers/statement_controller.rb:3:in `index'
Completed 200 OK in 8ms (Views: 7.2ms | ActiveRecord: 0.6ms | Allocations: 6603)


Started GET "/statements" for ::1 at 2021-08-18 10:18:36 +0530
Processing by StatementController#index as HTML
  [1m[36mStatement Load (2.6ms)[0m  [1m[34mSELECT `statements`.* FROM `statements`[0m
  ↳ app/controllers/statement_controller.rb:3:in `index'
Completed 200 OK in 9ms (Views: 5.3ms | ActiveRecord: 2.6ms | Allocations: 1319)


  [1m[35m (0.2ms)[0m  [1m[34mSELECT `schema_migrations`.`version` FROM `schema_migrations` ORDER BY `schema_migrations`.`version` ASC[0m
  [1m[35m (0.2ms)[0m  [1m[34mSELECT `ar_internal_metadata`.`value` FROM `ar_internal_metadata` WHERE `ar_internal_metadata`.`key` = 'environment'[0m
  [1m[35m (0.3ms)[0m  [1m[34mSELECT `schema_migrations`.`version` FROM `schema_migrations` ORDER BY `schema_migrations`.`version` ASC[0m
  [1m[35m (0.2ms)[0m  [1m[34mSELECT `ar_internal_metadata`.`value` FROM `ar_internal_metadata` WHERE `ar_internal_metadata`.`key` = 'environment'[0m
  [1m[35m (0.1ms)[0m  [1m[34mSELECT `schema_migrations`.`version` FROM `schema_migrations` ORDER BY `schema_migrations`.`version` ASC[0m
  [1m[35m (0.2ms)[0m  [1m[34mSELECT `ar_internal_metadata`.`value` FROM `ar_internal_metadata` WHERE `ar_internal_metadata`.`key` = 'environment'[0m
  [1m[35m (10.2ms)[0m  [1m[35mDROP DATABASE IF EXISTS `statement_data`[0m
  [1m[35m (2.3ms)[0m  [1m[35mCREATE DATABASE `statement_data` DEFAULT COLLATE `utf8_general_ci`[0m
  [1m[35m (0.3ms)[0m  [1m[35mCREATE DATABASE `statement_data` DEFAULT COLLATE `utf8_general_ci`[0m
  [1m[35m (8.6ms)[0m  [1m[35mCREATE TABLE `schema_migrations` (`version` varchar(255) NOT NULL PRIMARY KEY)[0m
  [1m[35m (8.0ms)[0m  [1m[35mCREATE TABLE `ar_internal_metadata` (`key` varchar(255) NOT NULL PRIMARY KEY, `value` varchar(255), `created_at` datetime(6) NOT NULL, `updated_at` datetime(6) NOT NULL)[0m
  [1m[35m (0.1ms)[0m  [1m[34mSELECT GET_LOCK('6608738817814367955', 0)[0m
  [1m[35m (0.6ms)[0m  [1m[34mSELECT `schema_migrations`.`version` FROM `schema_migrations` ORDER BY `schema_migrations`.`version` ASC[0m
Migrating to CreateStatements (20210817132537)
  [1m[35m (9.1ms)[0m  [1m[35mCREATE TABLE `statements` (`id` bigint NOT NULL AUTO_INCREMENT PRIMARY KEY, `amount` decimal, `currency` varchar(255), `datetime` varchar(255), `ref` varchar(255), `type` varchar(255), `medium` varchar(255))[0m
  [1m[36mTRANSACTION (0.1ms)[0m  [1m[35mBEGIN[0m
  [1m[36mActiveRecord::SchemaMigration Create (0.1ms)[0m  [1m[32mINSERT INTO `schema_migrations` (`version`) VALUES ('20210817132537')[0m
  [1m[36mTRANSACTION (1.3ms)[0m  [1m[35mCOMMIT[0m
Migrating to AddCoinToStatement (20210817141849)
  [1m[35m (6.7ms)[0m  [1m[35mALTER TABLE `statements` ADD `coin` decimal[0m
  [1m[36mTRANSACTION (0.2ms)[0m  [1m[35mBEGIN[0m
  [1m[36mActiveRecord::SchemaMigration Create (0.2ms)[0m  [1m[32mINSERT INTO `schema_migrations` (`version`) VALUES ('20210817141849')[0m
  [1m[36mTRANSACTION (0.9ms)[0m  [1m[35mCOMMIT[0m
  [1m[36mActiveRecord::InternalMetadata Load (1.2ms)[0m  [1m[34mSELECT `ar_internal_metadata`.* FROM `ar_internal_metadata` WHERE `ar_internal_metadata`.`key` = 'environment' LIMIT 1[0m
  [1m[36mTRANSACTION (0.1ms)[0m  [1m[35mBEGIN[0m
  [1m[36mActiveRecord::InternalMetadata Create (0.2ms)[0m  [1m[32mINSERT INTO `ar_internal_metadata` (`key`, `value`, `created_at`, `updated_at`) VALUES ('environment', 'development', '2021-08-18 04:49:00.271770', '2021-08-18 04:49:00.271770')[0m
  [1m[36mTRANSACTION (1.2ms)[0m  [1m[35mCOMMIT[0m
  [1m[35m (0.1ms)[0m  [1m[34mSELECT RELEASE_LOCK('6608738817814367955')[0m
  [1m[35m (0.2ms)[0m  [1m[34mSELECT `schema_migrations`.`version` FROM `schema_migrations` ORDER BY `schema_migrations`.`version` ASC[0m
Started GET "/statements" for 127.0.0.1 at 2021-08-18 10:19:20 +0530
  [1m[35m (0.4ms)[0m  [1m[34mSELECT `schema_migrations`.`version` FROM `schema_migrations` ORDER BY `schema_migrations`.`version` ASC[0m
Processing by StatementController#index as HTML
  [1m[36mStatement Load (0.7ms)[0m  [1m[34mSELECT `statements`.* FROM `statements`[0m
  ↳ app/controllers/statement_controller.rb:3:in `index'
Completed 200 OK in 7ms (Views: 1.0ms | ActiveRecord: 0.7ms | Allocations: 2752)


  [1m[36mTRANSACTION (0.3ms)[0m  [1m[35mBEGIN[0m
  [1m[36mTopup Create (0.4ms)[0m  [1m[32mINSERT INTO `statements` (`amount`, `currency`, `ref`, `type`, `medium`, `coin`) VALUES (50, 'USD', 'demo ref-payout', 'Topup', 'transferwise', 20)[0m
  [1m[36mTRANSACTION (3.8ms)[0m  [1m[35mCOMMIT[0m
Started GET "/statements" for 127.0.0.1 at 2021-08-18 10:19:59 +0530
Processing by StatementController#index as HTML
  [1m[36mStatement Load (2.7ms)[0m  [1m[34mSELECT `statements`.* FROM `statements`[0m
  ↳ app/controllers/statement_controller.rb:3:in `index'
Completed 200 OK in 36ms (Views: 24.0ms | ActiveRecord: 11.2ms | Allocations: 10438)


  [1m[36mTRANSACTION (0.5ms)[0m  [1m[35mBEGIN[0m
  [1m[36mTopup Create (0.9ms)[0m  [1m[32mINSERT INTO `statements` (`amount`, `currency`, `datetime`, `ref`, `type`, `medium`, `coin`) VALUES (50, 'USD', '2021-08-18T10:21:47+05:30', 'demo ref-payout', 'Topup', 'transferwise', 20)[0m
  [1m[36mTRANSACTION (4.1ms)[0m  [1m[35mCOMMIT[0m
Started GET "/statements" for 127.0.0.1 at 2021-08-18 10:21:56 +0530
Processing by StatementController#index as HTML
  [1m[36mStatement Load (2.5ms)[0m  [1m[34mSELECT `statements`.* FROM `statements`[0m
  ↳ app/controllers/statement_controller.rb:3:in `index'
Completed 200 OK in 8ms (Views: 4.0ms | ActiveRecord: 2.5ms | Allocations: 1079)


  [1m[36mTRANSACTION (0.3ms)[0m  [1m[35mBEGIN[0m
  [1m[36mPayout Create (0.4ms)[0m  [1m[32mINSERT INTO `statements` (`amount`, `currency`, `datetime`, `ref`, `type`, `medium`) VALUES (50, 'USD', '2021-08-18T10:22:41+05:30', 'demo ref-payout', 'Payout', 'transferwise')[0m
  [1m[36mTRANSACTION (4.9ms)[0m  [1m[35mCOMMIT[0m
Started GET "/statements" for 127.0.0.1 at 2021-08-18 10:22:45 +0530
Processing by StatementController#index as HTML
  [1m[36mStatement Load (0.6ms)[0m  [1m[34mSELECT `statements`.* FROM `statements`[0m
  ↳ app/controllers/statement_controller.rb:3:in `index'
Completed 200 OK in 8ms (Views: 7.6ms | ActiveRecord: 0.6ms | Allocations: 6454)


Started GET "/statements" for 127.0.0.1 at 2021-08-18 10:23:46 +0530
Processing by StatementController#index as HTML
  [1m[36mPayout Load (0.6ms)[0m  [1m[34mSELECT `statements`.* FROM `statements` WHERE `statements`.`type` = 'Payout'[0m
  ↳ app/controllers/statement_controller.rb:3:in `index'
Completed 200 OK in 13ms (Views: 6.9ms | ActiveRecord: 4.3ms | Allocations: 8773)


Started GET "/statements" for 127.0.0.1 at 2021-08-18 10:24:05 +0530
Processing by StatementController#index as HTML
  [1m[36mTopup Load (0.5ms)[0m  [1m[34mSELECT `statements`.* FROM `statements` WHERE `statements`.`type` = 'Topup'[0m
  ↳ app/controllers/statement_controller.rb:3:in `index'
Completed 200 OK in 13ms (Views: 7.1ms | ActiveRecord: 3.9ms | Allocations: 8606)


  [1m[36mTRANSACTION (0.2ms)[0m  [1m[35mBEGIN[0m
  [1m[36mPayout Create (0.3ms)[0m  [1m[32mINSERT INTO `statements` (`amount`, `currency`, `datetime`, `ref`, `type`, `medium`) VALUES (50, 'USD', '2021-08-18T10:42:13+05:30', 'demo ref-payout', 'Payout', 'transferwise')[0m
  [1m[36mTRANSACTION (2.7ms)[0m  [1m[35mCOMMIT[0m
